<?xml version="1.0" encoding="UTF-8"?>
<!-- Generated by org.testng.reporters.JUnitReportReporter -->
<testsuite skipped="0" hostname="FA051053" name="tests.TraditionalTests" tests="1" failures="0" timestamp="26 Nov 2019 19:32:14 GMT" time="4.781" errors="0">
  <testcase name="CanvasChartTest" time="4.781" classname="tests.TraditionalTests"/>
</testsuite> <!-- tests.TraditionalTests -->
