<?xml version="1.0" encoding="UTF-8"?>
<!-- Generated by org.testng.reporters.JUnitReportReporter -->
<testsuite skipped="0" hostname="FA051053" name="tests.TraditionalTests" tests="1" failures="0" timestamp="26 Nov 2019 20:44:59 GMT" time="3.160" errors="0">
  <testcase name="CanvasChartTest" time="3.160" classname="tests.TraditionalTests"/>
</testsuite> <!-- tests.TraditionalTests -->
