<?xml version="1.0" encoding="UTF-8"?>
<!-- Generated by org.testng.reporters.JUnitReportReporter -->
<testsuite skipped="0" hostname="FA051053" name="tests.VisualAITests" tests="8" failures="0" timestamp="26 Nov 2019 20:51:08 GMT" time="290.014" errors="0">
  <testcase name="DataDrivenTest" time="17.672" classname="tests.VisualAITests"/>
  <testcase name="DataDrivenTest" time="50.557" classname="tests.VisualAITests"/>
  <testcase name="DataDrivenTest" time="18.390" classname="tests.VisualAITests"/>
  <testcase name="TableSortTest" time="36.280" classname="tests.VisualAITests"/>
  <testcase name="DynamicContentTest" time="82.410" classname="tests.VisualAITests"/>
  <testcase name="LoginPageUIElementsTest" time="22.104" classname="tests.VisualAITests"/>
  <testcase name="CanvasChartTest" time="43.871" classname="tests.VisualAITests"/>
  <testcase name="DataDrivenTest" time="18.730" classname="tests.VisualAITests"/>
</testsuite> <!-- tests.VisualAITests -->
